{"level":"info","message":"Loading Mongoose functionality"}
{"level":"info","message":"Starting Application"}
{"level":"info","message":"Mongoose connected to the database"}
{"level":"info","message":"Loading Mongoose functionality"}
{"level":"info","message":"Starting Application"}
{"level":"info","message":"Create user"}
{"level":"info","message":"Create user"}
{"level":"info","message":"Get all users"}
{"level":"info","message":"Get user %s"}
{"level":"info","message":"Get user %s"}
{"level":"info","message":"Get user %s"}
{"level":"info","message":"Create Todo"}
{"level":"info","message":"Get all user todos5ddb009d4e505f106c9eef28"}
{"level":"info","message":"Get todo %s5ddb009e4e505f106c9eef31"}
{"level":"info","message":"Get todo %s5ddb009e4e505f106c9eef32"}
{"level":"info","message":"Get todo %s5ddb009e4e505f106c9eef33"}
{"level":"info","message":"Loading Mongoose functionality"}
{"level":"info","message":"Starting Application"}
{"level":"info","message":"Mongoose connected to the database"}
{"level":"info","message":"Loading Mongoose functionality"}
{"level":"info","message":"Starting Application"}
{"level":"info","message":"Mongoose connected to the database"}
{"level":"info","message":"Loading Mongoose functionality"}
{"level":"info","message":"Starting Application"}
{"level":"info","message":"Create user"}
{"level":"info","message":"Create user"}
{"level":"info","message":"Get all users"}
{"level":"info","message":"Get user %s"}
{"level":"info","message":"Get user %s"}
{"level":"info","message":"Get user %s"}
{"level":"info","message":"Create Todo"}
{"level":"info","message":"Get all user todos5ddb03720cb41a3074c7b3e0"}
{"level":"info","message":"Get todo %s5ddb03730cb41a3074c7b3e9"}
{"level":"info","message":"Get todo %s5ddb03730cb41a3074c7b3ea"}
{"level":"info","message":"Get todo %s5ddb03730cb41a3074c7b3eb"}
{"level":"info","message":"Loading Mongoose functionality"}
{"level":"info","message":"Starting Application"}
{"level":"info","message":"Mongoose connected to the database"}
{"level":"info","message":"Loading Mongoose functionality"}
{"level":"info","message":"Starting Application"}
{"level":"info","message":"Mongoose connected to the database"}
{"level":"info","message":"Loading Mongoose functionality"}
{"level":"info","message":"Starting Application"}
{"level":"info","message":"Mongoose connected to the database"}
{"level":"info","message":"Loading Mongoose functionality"}
{"level":"info","message":"Starting Application"}
{"level":"info","message":"Create user"}
{"level":"info","message":"Create user"}
{"level":"info","message":"Get all users"}
{"level":"info","message":"Get user %s"}
{"level":"info","message":"Get user %s"}
{"level":"info","message":"Get user %s"}
{"level":"info","message":"Create Todo"}
{"level":"info","message":"Get all user todos5ddb05f16f60971b5cb58e2d"}
{"level":"info","message":"Get todo %s5ddb05f26f60971b5cb58e36"}
{"level":"info","message":"Get todo %s5ddb05f26f60971b5cb58e37"}
{"level":"info","message":"Get todo %s5ddb05f26f60971b5cb58e38"}
