{"level":"info","message":"Loading Mongoose functionality"}
{"level":"info","message":"Starting application"}
{"level":"info","message":"Create user"}
{"level":"info","message":"Create user"}
{"level":"info","message":"Get all users"}
{"level":"info","message":"Get user %s"}
{"level":"info","message":"Updated user %s"}
{"level":"info","message":"Delete user 5dc88963c056d51314c3587f"}
{"level":"info","message":"Create todo"}
{"level":"info","message":"Loading Mongoose functionality"}
{"level":"info","message":"Starting application"}
{"level":"info","message":"Create user"}
{"level":"info","message":"Create user"}
{"level":"info","message":"Get all users"}
{"level":"info","message":"Get user %s"}
{"level":"info","message":"Updated user %s"}
{"level":"info","message":"Delete user 5dc8899e53eb5b331c02cfac"}
{"level":"info","message":"Create todo"}
{"level":"info","message":"Loading Mongoose functionality"}
{"level":"info","message":"Starting application"}
{"level":"info","message":"Create user"}
{"level":"info","message":"Create user"}
{"level":"info","message":"Get all users"}
{"level":"info","message":"Get user %s"}
{"level":"info","message":"Updated user %s"}
{"level":"info","message":"Delete user 5dc88ac7c577e23cec46f551"}
{"level":"info","message":"Create todo"}
{"level":"info","message":"Loading Mongoose functionality"}
{"level":"info","message":"Starting application"}
{"level":"info","message":"Create user"}
{"level":"info","message":"Create user"}
{"level":"info","message":"Get all users"}
{"level":"info","message":"Get user %s"}
{"level":"info","message":"Updated user %s"}
{"level":"info","message":"Delete user 5dc88aff57c52a4f7c8bdca0"}
{"level":"info","message":"Create todo"}
{"level":"info","message":"Loading Mongoose functionality"}
{"level":"info","message":"Starting application"}
{"level":"info","message":"Create user"}
{"level":"info","message":"Create user"}
{"level":"info","message":"Get all users"}
{"level":"info","message":"Get user %s"}
{"level":"info","message":"Updated user %s"}
{"level":"info","message":"Delete user 5dc88c11f2d39d5320965dd8"}
{"level":"info","message":"Create todo"}
{"level":"info","message":"Loading Mongoose functionality"}
{"level":"info","message":"Starting application"}
{"level":"info","message":"Create user"}
{"level":"info","message":"Create user"}
{"level":"info","message":"Get all users"}
{"level":"info","message":"Get user %s"}
{"level":"info","message":"Updated user %s"}
{"level":"info","message":"Delete user 5dc88ce87ee3af367477e491"}
{"level":"info","message":"Create todo"}
