{"level":"info","message":"Loading Mongoose functionality"}
{"level":"info","message":"Starting Application"}
{"level":"info","message":"Create user"}
{"level":"info","message":"Create user"}
{"level":"info","message":"Get all users"}
{"level":"info","message":"Get all users"}
{"level":"info","message":"Get user %s"}
{"level":"info","message":"Get user %s"}
{"level":"info","message":"Get user %s"}
{"level":"info","message":"Get user %s"}
{"level":"info","message":"Create Todo"}
{"level":"info","message":"Get all user todos5dc8b37b874e2636e8c9e995"}
{"level":"info","message":"Get todo %s5dc8b37c874e2636e8c9e9a0"}
{"level":"info","message":"Get todo %s5dc8b37c874e2636e8c9e9a1"}
{"level":"info","message":"Get todo %s5dc8b37c874e2636e8c9e9a2"}
{"level":"info","message":"Loading Mongoose functionality"}
{"level":"info","message":"Starting Application"}
{"level":"info","message":"Create user"}
{"level":"info","message":"Create user"}
{"level":"info","message":"Get all users"}
{"level":"info","message":"Get user %s"}
{"level":"info","message":"Get user %s"}
{"level":"info","message":"Get user %s"}
{"level":"info","message":"Get user %s"}
{"level":"info","message":"Create Todo"}
{"level":"info","message":"Get all user todos5dc8b4965d1b20244c6970eb"}
{"level":"info","message":"Get todo %s5dc8b4975d1b20244c6970f5"}
{"level":"info","message":"Get todo %s5dc8b4975d1b20244c6970f6"}
{"level":"info","message":"Get todo %s5dc8b4975d1b20244c6970f7"}
{"level":"info","message":"Loading Mongoose functionality"}
{"level":"info","message":"Starting Application"}
{"level":"info","message":"Create user"}
{"level":"info","message":"Create user"}
{"level":"info","message":"Get all users"}
{"level":"info","message":"Get user %s"}
{"level":"info","message":"Get user %s"}
{"level":"info","message":"Get user %s"}
{"level":"info","message":"Create Todo"}
{"level":"info","message":"Get all user todos5dc8b7230f0dfe18082ae393"}
{"level":"info","message":"Get todo %s5dc8b7230f0dfe18082ae39c"}
{"level":"info","message":"Get todo %s5dc8b7230f0dfe18082ae39d"}
{"level":"info","message":"Get todo %s5dc8b7240f0dfe18082ae39e"}
{"level":"info","message":"Loading Mongoose functionality"}
{"level":"info","message":"Starting Application"}
{"level":"info","message":"Mongoose connected to the database"}
{"level":"info","message":"Loading Mongoose functionality"}
{"level":"info","message":"Starting Application"}
{"level":"info","message":"Mongoose connected to the database"}
{"level":"info","message":"Loading Mongoose functionality"}
{"level":"info","message":"Starting Application"}
{"level":"info","message":"Mongoose connected to the database"}
{"level":"info","message":"Loading Mongoose functionality"}
{"level":"info","message":"Starting Application"}
{"level":"info","message":"Create user"}
{"level":"info","message":"Create user"}
{"level":"info","message":"Get all users"}
{"level":"info","message":"Get user %s"}
{"level":"info","message":"Get user %s"}
{"level":"info","message":"Get user %s"}
{"level":"info","message":"Create Todo"}
{"level":"info","message":"Get all user todos5dc8b77a994ebf51e4aca0e4"}
{"level":"info","message":"Get todo %s5dc8b77a994ebf51e4aca0ed"}
{"level":"info","message":"Get todo %s5dc8b77b994ebf51e4aca0ee"}
{"level":"info","message":"Get todo %s5dc8b77b994ebf51e4aca0ef"}
{"level":"info","message":"Loading Mongoose functionality"}
{"level":"info","message":"Starting Application"}
{"level":"info","message":"Create user"}
{"level":"info","message":"Create user"}
{"level":"info","message":"Get all users"}
{"level":"info","message":"Get user %s"}
{"level":"info","message":"Get user %s"}
{"level":"info","message":"Get user %s"}
{"level":"info","message":"Create Todo"}
{"level":"info","message":"Get all user todos5dc8b805b44c032d7c0fb06d"}
{"level":"info","message":"Get todo %s5dc8b806b44c032d7c0fb076"}
{"level":"info","message":"Get todo %s5dc8b806b44c032d7c0fb077"}
{"level":"info","message":"Get todo %s5dc8b806b44c032d7c0fb078"}
{"level":"info","message":"Loading Mongoose functionality"}
{"level":"info","message":"Starting Application"}
{"level":"info","message":"Create user"}
{"level":"info","message":"Create user"}
{"level":"info","message":"Get all users"}
{"level":"info","message":"Get user %s"}
{"level":"info","message":"Get user %s"}
{"level":"info","message":"Get user %s"}
{"level":"info","message":"Create Todo"}
{"level":"info","message":"Get all user todos5dc8b9556301b40ae4b66cd1"}
{"level":"info","message":"Get todo %s5dc8b9566301b40ae4b66cda"}
{"level":"info","message":"Get todo %s5dc8b9566301b40ae4b66cdb"}
{"level":"info","message":"Get todo %s5dc8b9566301b40ae4b66cdc"}
{"level":"info","message":"Loading Mongoose functionality"}
{"level":"info","message":"Starting Application"}
{"level":"info","message":"Create user"}
{"level":"info","message":"Create user"}
{"level":"info","message":"Get all users"}
{"level":"info","message":"Get user %s"}
{"level":"info","message":"Get user %s"}
{"level":"info","message":"Get user %s"}
{"level":"info","message":"Create Todo"}
{"level":"info","message":"Get all user todos5dc8b9b9a1c2fc01a0e00204"}
{"level":"info","message":"Get todo %s5dc8b9baa1c2fc01a0e0020d"}
{"level":"info","message":"Get todo %s5dc8b9baa1c2fc01a0e0020e"}
{"level":"info","message":"Get todo %s5dc8b9baa1c2fc01a0e0020f"}
{"level":"info","message":"Loading Mongoose functionality"}
{"level":"info","message":"Starting Application"}
{"level":"info","message":"Create user"}
{"level":"info","message":"Create user"}
{"level":"info","message":"Get all users"}
{"level":"info","message":"Get user %s"}
{"level":"info","message":"Get user %s"}
{"level":"info","message":"Get user %s"}
{"level":"info","message":"Create Todo"}
{"level":"info","message":"Get all user todos5dc8b9cd54b8ec2ae8e670f2"}
{"level":"info","message":"Get todo %s5dc8b9ce54b8ec2ae8e670fb"}
{"level":"info","message":"Get todo %s5dc8b9ce54b8ec2ae8e670fc"}
{"level":"info","message":"Get todo %s5dc8b9ce54b8ec2ae8e670fd"}
{"level":"info","message":"Loading Mongoose functionality"}
{"level":"info","message":"Starting Application"}
{"level":"info","message":"Mongoose connected to the database"}
{"level":"info","message":"Loading Mongoose functionality"}
{"level":"info","message":"Starting Application"}
{"level":"info","message":"Mongoose connected to the database"}
{"level":"info","message":"Loading Mongoose functionality"}
{"level":"info","message":"Starting Application"}
{"level":"info","message":"Create user"}
{"level":"info","message":"Create user"}
{"level":"info","message":"Get all users"}
{"level":"info","message":"Get user %s"}
{"level":"info","message":"Get user %s"}
{"level":"info","message":"Get user %s"}
{"level":"info","message":"Create Todo"}
{"level":"info","message":"Get all user todos5dc8ba3f20d80b479c1210b6"}
{"level":"info","message":"Get todo %s5dc8ba4020d80b479c1210bf"}
{"level":"info","message":"Get todo %s5dc8ba4020d80b479c1210c0"}
{"level":"info","message":"Get todo %s5dc8ba4020d80b479c1210c1"}
{"level":"info","message":"Loading Mongoose functionality"}
{"level":"info","message":"Starting Application"}
{"level":"info","message":"Create user"}
{"level":"info","message":"Create user"}
{"level":"info","message":"Get all users"}
{"level":"info","message":"Get user %s"}
{"level":"info","message":"Get user %s"}
{"level":"info","message":"Get user %s"}
{"level":"info","message":"Create Todo"}
{"level":"info","message":"Get all user todos5dc8ba5d3147122e28b79e84"}
{"level":"info","message":"Get todo %s5dc8ba5e3147122e28b79e8d"}
{"level":"info","message":"Get todo %s5dc8ba5e3147122e28b79e8e"}
{"level":"info","message":"Get todo %s5dc8ba5e3147122e28b79e8f"}
{"level":"info","message":"Loading Mongoose functionality"}
{"level":"info","message":"Starting Application"}
{"level":"info","message":"Create user"}
{"level":"info","message":"Create user"}
{"level":"info","message":"Get all users"}
{"level":"info","message":"Get user %s"}
{"level":"info","message":"Get user %s"}
{"level":"info","message":"Get user %s"}
{"level":"info","message":"Create Todo"}
{"level":"info","message":"Get all user todos5dc8ba856b65d536687627ab"}
{"level":"info","message":"Get todo %s5dc8ba866b65d536687627b4"}
{"level":"info","message":"Get todo %s5dc8ba866b65d536687627b5"}
{"level":"info","message":"Get todo %s5dc8ba866b65d536687627b6"}
{"level":"info","message":"Loading Mongoose functionality"}
{"level":"info","message":"Starting Application"}
{"level":"info","message":"Create user"}
{"level":"info","message":"Create user"}
{"level":"info","message":"Get all users"}
{"level":"info","message":"Get user %s"}
{"level":"info","message":"Get user %s"}
{"level":"info","message":"Get user %s"}
{"level":"info","message":"Create Todo"}
{"level":"info","message":"Get all user todos5dc8ba955c7cfa268c5ae7c7"}
{"level":"info","message":"Get todo %s5dc8ba965c7cfa268c5ae7d0"}
{"level":"info","message":"Get todo %s5dc8ba965c7cfa268c5ae7d1"}
{"level":"info","message":"Get todo %s5dc8ba965c7cfa268c5ae7d2"}
{"level":"info","message":"Loading Mongoose functionality"}
{"level":"info","message":"Starting Application"}
{"level":"info","message":"Create user"}
{"level":"info","message":"Create user"}
{"level":"info","message":"Get all users"}
{"level":"info","message":"Get user %s"}
{"level":"info","message":"Get user %s"}
{"level":"info","message":"Get user %s"}
{"level":"info","message":"Create Todo"}
{"level":"info","message":"Get all user todos5dc8baa84d099e11308f16f7"}
{"level":"info","message":"Get todo %s5dc8baa94d099e11308f1700"}
{"level":"info","message":"Get todo %s5dc8baa94d099e11308f1701"}
{"level":"info","message":"Get todo %s5dc8baa94d099e11308f1702"}
{"level":"info","message":"Loading Mongoose functionality"}
{"level":"info","message":"Starting Application"}
{"level":"info","message":"Create user"}
{"level":"info","message":"Create user"}
{"level":"info","message":"Get all users"}
{"level":"info","message":"Get user %s"}
{"level":"info","message":"Get user %s"}
{"level":"info","message":"Get user %s"}
{"level":"info","message":"Create Todo"}
{"level":"info","message":"Get all user todos5dc8bbf9022ae62ac44c174d"}
{"level":"info","message":"Get todo %s5dc8bbfa022ae62ac44c1756"}
{"level":"info","message":"Get todo %s5dc8bbfa022ae62ac44c1757"}
{"level":"info","message":"Get todo %s5dc8bbfa022ae62ac44c1758"}
