{"level":"info","message":"Loading Mongoose functionality"}
{"level":"info","message":"Starting application"}
{"level":"info","message":"Create user"}
{"level":"info","message":"Create user"}
{"level":"info","message":"Get all users"}
{"level":"info","message":"Get user %s"}
{"level":"info","message":"Updated user %s"}
{"level":"info","message":"Delete user 5dc89a8208b49b33b0a4ddf4"}
{"level":"info","message":"Create todo"}
{"level":"info","message":"Loading Mongoose functionality"}
{"level":"info","message":"Starting application"}
{"level":"info","message":"Create user"}
{"level":"info","message":"Create user"}
{"level":"info","message":"Get all users"}
{"level":"info","message":"Get user %s"}
{"level":"info","message":"Updated user %s"}
{"level":"info","message":"Delete user 5dc89b0a5d6cea2138616a84"}
{"level":"info","message":"Create todo"}
{"level":"info","message":"Loading Mongoose functionality"}
{"level":"info","message":"Starting application"}
{"level":"info","message":"Create user"}
{"level":"info","message":"Create user"}
{"level":"info","message":"Get all users"}
{"level":"info","message":"Get user %s"}
{"level":"info","message":"Updated user %s"}
{"level":"info","message":"Delete user 5dc89b73dfebf0160845e1b9"}
{"level":"info","message":"Create todo"}
{"level":"info","message":"Loading Mongoose functionality"}
{"level":"info","message":"Starting application"}
{"level":"info","message":"Create user"}
{"level":"info","message":"Create user"}
{"level":"info","message":"Get all users"}
{"level":"info","message":"Get user %s"}
{"level":"info","message":"Updated user %s"}
{"level":"info","message":"Delete user 5dc89bb877af4e2b3cc68d65"}
{"level":"info","message":"Create todo"}
{"level":"info","message":"Loading Mongoose functionality"}
{"level":"info","message":"Starting application"}
{"level":"info","message":"Create user"}
{"level":"info","message":"Create user"}
{"level":"info","message":"Get all users"}
{"level":"info","message":"Get user %s"}
{"level":"info","message":"Updated user %s"}
{"level":"info","message":"Delete user 5dc89bccdf05f0458c3f04b9"}
{"level":"info","message":"Create todo"}
{"level":"info","message":"Loading Mongoose functionality"}
{"level":"info","message":"Starting application"}
{"level":"info","message":"Create user"}
{"level":"info","message":"Create user"}
{"level":"info","message":"Get all users"}
{"level":"info","message":"Get user %s"}
{"level":"info","message":"Updated user %s"}
{"level":"info","message":"Delete user 5dc89be9cd731b2c58d5dd99"}
{"level":"info","message":"Create todo"}
{"level":"info","message":"Loading Mongoose functionality"}
{"level":"info","message":"Starting application"}
{"level":"info","message":"Create user"}
{"level":"info","message":"Create user"}
{"level":"info","message":"Get all users"}
{"level":"info","message":"Get user %s"}
{"level":"info","message":"Updated user %s"}
{"level":"info","message":"Delete user 5dc89c674561b71840e765b5"}
{"level":"info","message":"Create todo"}
{"level":"info","message":"Get all a users todos"}
{"level":"info","message":"Loading Mongoose functionality"}
{"level":"info","message":"Starting application"}
{"level":"info","message":"Create user"}
{"level":"info","message":"Create user"}
{"level":"info","message":"Get all users"}
{"level":"info","message":"Get user %s"}
{"level":"info","message":"Updated user %s"}
{"level":"info","message":"Delete user 5dc89dad82968d4134b368a2"}
{"level":"info","message":"Create todo"}
{"level":"info","message":"Get all user todos5dc89dad82968d4134b3689c"}
{"level":"info","message":"Loading Mongoose functionality"}
{"level":"info","message":"Starting application"}
{"level":"info","message":"Create user"}
{"level":"info","message":"Create user"}
{"level":"info","message":"Get all users"}
{"level":"info","message":"Get user %s"}
{"level":"info","message":"Updated user %s"}
{"level":"info","message":"Delete user 5dc89de3efd07220d4da2ceb"}
{"level":"info","message":"Create todo"}
{"level":"info","message":"Get all user todos5dc89de3efd07220d4da2ce5"}
{"level":"info","message":"Loading Mongoose functionality"}
{"level":"info","message":"Starting application"}
{"level":"info","message":"Create user"}
{"level":"info","message":"Create user"}
{"level":"info","message":"Get all users"}
{"level":"info","message":"Get user %s"}
{"level":"info","message":"Updated user %s"}
{"level":"info","message":"Delete user 5dc89dee895dfa1dd07c2dc4"}
{"level":"info","message":"Create todo"}
{"level":"info","message":"Get all user todos5dc89ded895dfa1dd07c2dbe"}
{"level":"info","message":"Loading Mongoose functionality"}
{"level":"info","message":"Starting application"}
{"level":"info","message":"Create user"}
{"level":"info","message":"Create user"}
{"level":"info","message":"Get all users"}
{"level":"info","message":"Get user %s"}
{"level":"info","message":"Updated user %s"}
{"level":"info","message":"Delete user 5dc89e2aae158b0834ff53d0"}
{"level":"info","message":"Create todo"}
{"level":"info","message":"Get all user todos5dc89e2aae158b0834ff53ca"}
{"level":"info","message":"Loading Mongoose functionality"}
{"level":"info","message":"Starting application"}
{"level":"info","message":"Create user"}
{"level":"info","message":"Create user"}
{"level":"info","message":"Get all users"}
{"level":"info","message":"Get user %s"}
{"level":"info","message":"Updated user %s"}
{"level":"info","message":"Delete user 5dc89e5762556c4984b548cc"}
{"level":"info","message":"Create todo"}
{"level":"info","message":"Get all user todos5dc89e5762556c4984b548c6"}
{"level":"info","message":"Loading Mongoose functionality"}
{"level":"info","message":"Starting application"}
{"level":"info","message":"Create user"}
{"level":"info","message":"Create user"}
{"level":"info","message":"Get all users"}
{"level":"info","message":"Get user %s"}
{"level":"info","message":"Updated user %s"}
{"level":"info","message":"Delete user 5dc89e83650d964fbcc7e1e2"}
{"level":"info","message":"Create todo"}
{"level":"info","message":"Get all user todos5dc89e82650d964fbcc7e1dc"}
{"level":"info","message":"Loading Mongoose functionality"}
{"level":"info","message":"Starting application"}
{"level":"info","message":"Create user"}
{"level":"info","message":"Create user"}
{"level":"info","message":"Get all users"}
{"level":"info","message":"Get user %s"}
{"level":"info","message":"Updated user %s"}
{"level":"info","message":"Delete user 5dc89fbdd2a38d3c7c06e0ab"}
{"level":"info","message":"Create todo"}
{"level":"info","message":"Get all user todos5dc89fbdd2a38d3c7c06e0a5"}
{"level":"info","message":"Loading Mongoose functionality"}
{"level":"info","message":"Starting application"}
{"level":"info","message":"Create user"}
{"level":"info","message":"Create user"}
{"level":"info","message":"Get all users"}
{"level":"info","message":"Get user %s"}
{"level":"info","message":"Updated user %s"}
{"level":"info","message":"Delete user 5dc89fef7df6bd1784cd23fb"}
{"level":"info","message":"Create todo"}
{"level":"info","message":"Get all user todos5dc89fee7df6bd1784cd23f5"}
{"level":"info","message":"Loading Mongoose functionality"}
{"level":"info","message":"Starting application"}
{"level":"info","message":"Create user"}
{"level":"info","message":"Create user"}
{"level":"info","message":"Get all users"}
{"level":"info","message":"Get user %s"}
{"level":"info","message":"Updated user %s"}
{"level":"info","message":"Delete user 5dc8a0469297361344c7d5bc"}
{"level":"info","message":"Create todo"}
{"level":"info","message":"Get all user todos5dc8a0469297361344c7d5b6"}
{"level":"info","message":"Loading Mongoose functionality"}
{"level":"info","message":"Starting application"}
{"level":"info","message":"Create user"}
{"level":"info","message":"Create user"}
{"level":"info","message":"Get all users"}
{"level":"info","message":"Get user %s"}
{"level":"info","message":"Updated user %s"}
{"level":"info","message":"Delete user 5dc8a07f38cf062c6c1b1d2e"}
{"level":"info","message":"Create todo"}
{"level":"info","message":"Get all user todos5dc8a07f38cf062c6c1b1d28"}
{"level":"info","message":"Loading Mongoose functionality"}
{"level":"info","message":"Starting application"}
{"level":"info","message":"Create user"}
{"level":"info","message":"Create user"}
{"level":"info","message":"Get all users"}
{"level":"info","message":"Get user %s"}
{"level":"info","message":"Updated user %s"}
{"level":"info","message":"Delete user 5dc8a0f0ad3a353a305a4171"}
{"level":"info","message":"Create todo"}
{"level":"info","message":"Get all user todos5dc8a0efad3a353a305a416b"}
{"level":"info","message":"Loading Mongoose functionality"}
{"level":"info","message":"Starting Application"}
{"level":"info","message":"Create user"}
{"level":"info","message":"Create user"}
{"level":"info","message":"Get all users"}
{"level":"info","message":"Get user %s"}
{"level":"info","message":"Updated user %s"}
{"level":"info","message":"Delete user 5dc8a28d15d0961c1420f7ac"}
{"level":"info","message":"Create Todo"}
{"level":"info","message":"Get all user todos5dc8a28c15d0961c1420f7a6"}
{"level":"info","message":"Loading Mongoose functionality"}
{"level":"info","message":"Starting Application"}
{"level":"info","message":"Create user"}
{"level":"info","message":"Create user"}
{"level":"info","message":"Get all users"}
{"level":"info","message":"Get all users"}
{"level":"info","message":"Get user %s"}
{"level":"info","message":"Get user %s"}
{"level":"info","message":"Updated user %s"}
{"level":"info","message":"Delete user 5dc8a302764bbb1b04e3b574"}
{"level":"info","message":"Create Todo"}
{"level":"info","message":"Get all user todos5dc8a302764bbb1b04e3b56c"}
{"level":"info","message":"Get todo %s5dc8a302764bbb1b04e3b577"}
{"level":"info","message":"Get todo %s5dc8a302764bbb1b04e3b578"}
{"level":"info","message":"Get todo %s5dc8a302764bbb1b04e3b579"}
