{"level":"info","message":"Loading Mongoose functionality"}
{"level":"info","message":"Starting Application"}
{"level":"info","message":"Mongoose connected to the database"}
{"level":"info","message":"Loading Mongoose functionality"}
{"level":"info","message":"Starting Application"}
{"level":"info","message":"Create gadget"}
{"level":"info","message":"Get all gadgets"}
{"level":"info","message":"Loading Mongoose functionality"}
{"level":"info","message":"Starting Application"}
{"level":"info","message":"Mongoose connected to the database"}
{"level":"info","message":"Create gadget"}
{"level":"info","message":"Get all gadgets"}
{"level":"info","message":"Loading Mongoose functionality"}
{"level":"info","message":"Starting Application"}
{"level":"info","message":"Mongoose connected to the database"}
{"level":"info","message":"Create gadget"}
{"level":"info","message":"Get gadget %s5dc9f8813b309438708806db"}
{"level":"info","message":"Create gadget"}
{"level":"info","message":"Loading Mongoose functionality"}
{"level":"info","message":"Starting Application"}
{"level":"info","message":"Create gadget"}
{"level":"info","message":"Get gadget %s5dc9f8b4fdc8c34ca024fdb3"}
{"level":"info","message":"Get all gadgets"}
{"level":"info","message":"Loading Mongoose functionality"}
{"level":"info","message":"Starting Application"}
{"level":"info","message":"Get all gadgets"}
{"level":"info","message":"Get gadget %s5dc9f9618364925b602d3e76"}
{"level":"info","message":"Loading Mongoose functionality"}
{"level":"info","message":"Starting Application"}
{"level":"info","message":"Mongoose connected to the database"}
{"level":"info","message":"Loading Mongoose functionality"}
{"level":"info","message":"Starting Application"}
{"level":"info","message":"Mongoose connected to the database"}
{"level":"info","message":"Loading Mongoose functionality"}
{"level":"info","message":"Starting Application"}
{"level":"info","message":"Get all gadgets"}
{"level":"info","message":"Get gadget %s5dc9fad596b81c5224b9af8c"}
{"level":"info","message":"Loading Mongoose functionality"}
{"level":"info","message":"Starting Application"}
{"level":"info","message":"Mongoose connected to the database"}
{"level":"info","message":"Get gadget %s5dc9f8a33b309438708806dc"}
{"level":"info","message":"Create gadget"}
{"level":"info","message":"Loading Mongoose functionality"}
{"level":"info","message":"Starting Application"}
{"level":"info","message":"Mongoose connected to the database"}
{"level":"info","message":"Create gadget"}
{"level":"info","message":"Get gadget %s5dc9fbefc8098a4cd83de401"}
{"level":"info","message":"Create gadget"}
{"level":"info","message":"Create gadget"}
{"level":"info","message":"Create gadget"}
{"level":"info","message":"Create gadget"}
{"level":"info","message":"Create gadget"}
{"level":"info","message":"Loading Mongoose functionality"}
{"level":"info","message":"Starting Application"}
{"level":"info","message":"Mongoose connected to the database"}
{"level":"info","message":"Loading Mongoose functionality"}
{"level":"info","message":"Starting Application"}
{"level":"info","message":"Get all gadgets"}
{"level":"info","message":"Get gadget %s5dc9fc9558711d2954f4fcfc"}
{"level":"info","message":"Loading Mongoose functionality"}
{"level":"info","message":"Starting Application"}
{"level":"info","message":"Mongoose connected to the database"}
{"level":"info","message":"Create gadget"}
{"level":"info","message":"Get gadget %s5dc9fcbeb62c671bd46ba711"}
{"level":"info","message":"Loading Mongoose functionality"}
{"level":"info","message":"Starting Application"}
{"level":"info","message":"Mongoose connected to the database"}
{"level":"info","message":"Loading Mongoose functionality"}
{"level":"info","message":"Starting Application"}
{"level":"info","message":"Mongoose connected to the database"}
{"level":"info","message":"Loading Mongoose functionality"}
{"level":"info","message":"Starting Application"}
{"level":"info","message":"Mongoose connected to the database"}
{"level":"info","message":"Loading Mongoose functionality"}
{"level":"info","message":"Starting Application"}
{"level":"info","message":"Mongoose connected to the database"}
{"level":"info","message":"Loading Mongoose functionality"}
{"level":"info","message":"Starting Application"}
{"level":"info","message":"Mongoose connected to the database"}
{"level":"info","message":"Loading Mongoose functionality"}
{"level":"info","message":"Starting Application"}
{"level":"info","message":"Mongoose connected to the database"}
{"level":"info","message":"Loading Mongoose functionality"}
{"level":"info","message":"Starting Application"}
{"level":"info","message":"Mongoose connected to the database"}
{"level":"info","message":"Loading Mongoose functionality"}
{"level":"info","message":"Starting Applicationx"}
{"level":"info","message":"Mongoose connected to the database"}
{"level":"info","message":"Loading Mongoose functionality"}
{"level":"info","message":"Starting Application"}
{"level":"info","message":"Mongoose connected to the database"}
{"level":"info","message":"Loading Mongoose functionality"}
{"level":"info","message":"Starting Application"}
{"level":"info","message":"Mongoose connected to the database"}
{"level":"info","message":"Get gadget %s:id"}
{"level":"info","message":"Get gadget %s:Stephen"}
{"level":"info","message":"Get gadget %sStephen"}
{"level":"info","message":"Get gadget %s1234"}
{"level":"info","message":"Loading Mongoose functionality"}
{"level":"info","message":"Starting Application"}
{"level":"info","message":"Mongoose connected to the database"}
{"level":"info","message":"Get gadget %s1234"}
{"level":"info","message":"Get all gadgets"}
{"level":"info","message":"Get gadget %s5dc9f7d5137a454810e36001"}
{"level":"info","message":"Get all gadgets"}
{"level":"info","message":"Get gadget %s5dc9fb1254b490423443cb08"}
{"level":"info","message":"Get all gadgets"}
{"level":"info","message":"Get gadget %s5dc9fc31c8098a4cd83de403,5dc9fc31c8098a4cd83de403"}
{"level":"info","message":"Get gadget %s5dc9fc31c8098a4cd83de403&5dc9fc31c8098a4cd83de403"}
{"level":"info","message":"Get gadget %s5dc9fc31c8098a4cd83de403;5dc9fc31c8098a4cd83de403"}
{"level":"info","message":"Get gadget %s5dc9fc31c8098a4cd83de403:5dc9fc31c8098a4cd83de403"}
{"level":"info","message":"Get gadget %s5dc9fc31c8098a4cd83de403"}
{"level":"info","message":"Get gadget %s5dc9fc31c8098a4cd83de403"}
{"level":"info","message":"Get all gadgets"}
{"level":"info","message":"Get gadget %s5dc9fc17c8098a4cd83de402"}
{"level":"info","message":"Get gadget %s5dc9fc17c8098a4cd83de402"}
{"level":"info","message":"Get all gadgets"}
{"level":"info","message":"Get gadget %s5dc9fc4cc8098a4cd83de405"}
{"level":"info","message":"Get all gadgets"}
{"level":"info","message":"Create gadget"}
{"level":"info","message":"Get all gadgets"}
{"level":"info","message":"Get gadget %s5dc9fc55c8098a4cd83de406"}
{"level":"info","message":"Get gadget %s5dc9fc55c8098a4cd83de406"}
{"level":"info","message":"Get all gadgets"}
{"level":"info","message":"Create gadget"}
{"level":"info","message":"Get all gadgets"}
{"level":"info","message":"Loading Mongoose functionality"}
{"level":"info","message":"Starting Application"}
{"level":"info","message":"Mongoose connected to the database"}
{"level":"info","message":"Loading Mongoose functionality"}
{"level":"info","message":"Starting Application"}
{"level":"info","message":"Mongoose connected to the database"}
{"level":"info","message":"Loading Mongoose functionality"}
{"level":"info","message":"Starting Application"}
{"level":"info","message":"Get all gadgets"}
{"level":"info","message":"Get gadget %s5dca037bb8bdfb0acc9fb496"}
{"level":"info","message":"Loading Mongoose functionality"}
{"level":"info","message":"Starting Application"}
{"level":"info","message":"Mongoose connected to the database"}
{"level":"info","message":"Get gadget %s5dc9fc55c8098a4cd83de406"}
{"level":"info","message":"Get all gadgets"}
{"level":"info","message":"Loading Mongoose functionality"}
{"level":"info","message":"Starting Application"}
{"level":"info","message":"Mongoose connected to the database"}
