{"level":"info","message":"Loading Mongoose functionality"}
{"level":"info","message":"Starting Application"}
{"level":"info","message":"Create user"}
{"level":"info","message":"Create user"}
{"level":"info","message":"Get all users"}
{"level":"info","message":"Get all users"}
{"level":"info","message":"Get user %s"}
{"level":"info","message":"Get user %s"}
{"level":"info","message":"Get user %s"}
{"level":"info","message":"Get user %s"}
{"level":"info","message":"Create Todo"}
{"level":"info","message":"Get all user todos5dc8a64625df3a40b06ae98d"}
{"level":"info","message":"Get todo %s5dc8a64725df3a40b06ae998"}
{"level":"info","message":"Get todo %s5dc8a64725df3a40b06ae999"}
{"level":"info","message":"Get todo %s5dc8a64725df3a40b06ae99a"}
{"level":"info","message":"Loading Mongoose functionality"}
{"level":"info","message":"Starting Application"}
{"level":"info","message":"Create user"}
{"level":"info","message":"Create user"}
{"level":"info","message":"Get all users"}
{"level":"info","message":"Get all users"}
{"level":"info","message":"Get user %s"}
{"level":"info","message":"Get user %s"}
{"level":"info","message":"Get user %s"}
{"level":"info","message":"Get user %s"}
{"level":"info","message":"Create Todo"}
{"level":"info","message":"Get all user todos5dc8a69e079d8727b80c75e7"}
{"level":"info","message":"Get todo %s5dc8a6a0079d8727b80c75f2"}
{"level":"info","message":"Get todo %s5dc8a6a0079d8727b80c75f3"}
{"level":"info","message":"Get todo %s5dc8a6a0079d8727b80c75f4"}
{"level":"info","message":"Loading Mongoose functionality"}
{"level":"info","message":"Starting Application"}
{"level":"info","message":"Create user"}
{"level":"info","message":"Create user"}
{"level":"info","message":"Get all users"}
{"level":"info","message":"Get all users"}
{"level":"info","message":"Get user %s"}
{"level":"info","message":"Get user %s"}
{"level":"info","message":"Get user %s"}
{"level":"info","message":"Get user %s"}
{"level":"info","message":"Create Todo"}
{"level":"info","message":"Get all user todos5dc8a755c31e5c37e869e3b5"}
{"level":"info","message":"Get todo %s5dc8a757c31e5c37e869e3c0"}
{"level":"info","message":"Get todo %s5dc8a757c31e5c37e869e3c1"}
{"level":"info","message":"Get todo %s5dc8a757c31e5c37e869e3c2"}
{"level":"info","message":"Loading Mongoose functionality"}
{"level":"info","message":"Starting Application"}
{"level":"info","message":"Mongoose connected to the database"}
{"level":"info","message":"Loading Mongoose functionality"}
{"level":"info","message":"Starting Application"}
{"level":"info","message":"Create user"}
{"level":"info","message":"Create user"}
{"level":"info","message":"Get all users"}
{"level":"info","message":"Get all users"}
{"level":"info","message":"Get user %s"}
{"level":"info","message":"Get user %s"}
{"level":"info","message":"Get user %s"}
{"level":"info","message":"Get user %s"}
{"level":"info","message":"Create Todo"}
{"level":"info","message":"Get all user todos5dc8aa9889406b52b4e58079"}
{"level":"info","message":"Get todo %s5dc8aa9989406b52b4e58084"}
{"level":"info","message":"Get todo %s5dc8aa9989406b52b4e58085"}
{"level":"info","message":"Get todo %s5dc8aa9989406b52b4e58086"}
{"level":"info","message":"Loading Mongoose functionality"}
{"level":"info","message":"Starting Application"}
{"level":"info","message":"Create user"}
{"level":"info","message":"Create user"}
{"level":"info","message":"Get all users"}
{"level":"info","message":"Get all users"}
{"level":"info","message":"Get user %s"}
{"level":"info","message":"Get user %s"}
{"level":"info","message":"Get user %s"}
{"level":"info","message":"Get user %s"}
{"level":"info","message":"Create Todo"}
{"level":"info","message":"Get all user todos5dc8aaaff1437e2c3c7b3d83"}
{"level":"info","message":"Get todo %s5dc8aab0f1437e2c3c7b3d8e"}
{"level":"info","message":"Get todo %s5dc8aab0f1437e2c3c7b3d8f"}
{"level":"info","message":"Get todo %s5dc8aab0f1437e2c3c7b3d90"}
{"level":"info","message":"Loading Mongoose functionality"}
{"level":"info","message":"Starting Application"}
{"level":"info","message":"Create user"}
{"level":"info","message":"Create user"}
{"level":"info","message":"Get all users"}
{"level":"info","message":"Get all users"}
{"level":"info","message":"Get user %s"}
{"level":"info","message":"Get user %s"}
{"level":"info","message":"Get user %s"}
{"level":"info","message":"Get user %s"}
{"level":"info","message":"Create Todo"}
{"level":"info","message":"Get all user todos5dc8ae65b712e84adcc621ab"}
{"level":"info","message":"Get todo %s5dc8ae66b712e84adcc621b6"}
{"level":"info","message":"Get todo %s5dc8ae66b712e84adcc621b7"}
{"level":"info","message":"Get todo %s5dc8ae66b712e84adcc621b8"}
{"level":"info","message":"Loading Mongoose functionality"}
{"level":"info","message":"Starting Application"}
{"level":"info","message":"Create user"}
{"level":"info","message":"Create user"}
{"level":"info","message":"Get all users"}
{"level":"info","message":"Get all users"}
{"level":"info","message":"Get user %s"}
{"level":"info","message":"Get user %s"}
{"level":"info","message":"Get user %s"}
{"level":"info","message":"Get user %s"}
{"level":"info","message":"Create Todo"}
{"level":"info","message":"Get all user todos5dc8af769837cb2b54d723ed"}
{"level":"info","message":"Get todo %s5dc8af779837cb2b54d723f8"}
{"level":"info","message":"Get todo %s5dc8af779837cb2b54d723f9"}
{"level":"info","message":"Get todo %s5dc8af779837cb2b54d723fa"}
{"level":"info","message":"Loading Mongoose functionality"}
{"level":"info","message":"Starting Application"}
{"level":"info","message":"Mongoose connected to the database"}
{"level":"info","message":"Loading Mongoose functionality"}
{"level":"info","message":"Starting Application"}
{"level":"info","message":"Mongoose connected to the database"}
