{"level":"info","message":"Loading Mongoose functionality"}
{"level":"info","message":"Starting application"}
{"level":"info","message":"Create user"}
{"level":"info","message":"Create user"}
{"level":"info","message":"Get all users"}
{"level":"info","message":"Get user %s"}
{"level":"info","message":"Updated user %s"}
{"level":"info","message":"Delete user 5dc85e84a88e2e412462ee03"}
{"level":"info","message":"Create todo"}
{"level":"info","message":"Loading Mongoose functionality"}
{"level":"info","message":"Starting application"}
{"level":"info","message":"Create user"}
{"level":"info","message":"Create user"}
{"level":"info","message":"Get all users"}
{"level":"info","message":"Get user %s"}
{"level":"info","message":"Updated user %s"}
{"level":"info","message":"Delete user 5dc85ee58727895134c1ae18"}
{"level":"info","message":"Loading Mongoose functionality"}
{"level":"info","message":"Starting application"}
{"level":"info","message":"Create user"}
{"level":"info","message":"Create user"}
{"level":"info","message":"Get all users"}
{"level":"info","message":"Get user %s"}
{"level":"info","message":"Updated user %s"}
{"level":"info","message":"Delete user 5dc85f8c6599fc24146b5f91"}
{"level":"info","message":"Loading Mongoose functionality"}
{"level":"info","message":"Starting application"}
{"level":"info","message":"Create user"}
{"level":"info","message":"Create user"}
{"level":"info","message":"Get all users"}
{"level":"info","message":"Get user %s"}
{"level":"info","message":"Updated user %s"}
{"level":"info","message":"Delete user 5dc85faae23ff20888d99e01"}
{"level":"info","message":"Create todo"}
{"level":"info","message":"Loading Mongoose functionality"}
{"level":"info","message":"Starting application"}
{"level":"info","message":"Create user"}
{"level":"info","message":"Create user"}
{"level":"info","message":"Get all users"}
{"level":"info","message":"Get user %s"}
{"level":"info","message":"Updated user %s"}
{"level":"info","message":"Delete user 5dc8631cbe7c993580af76bb"}
{"level":"info","message":"Create todo"}
{"level":"info","message":"Loading Mongoose functionality"}
{"level":"info","message":"Starting application"}
{"level":"info","message":"Create user"}
{"level":"info","message":"Create user"}
{"level":"info","message":"Get all users"}
{"level":"info","message":"Get user %s"}
{"level":"info","message":"Updated user %s"}
{"level":"info","message":"Delete user 5dc8637af7874c532c3e7768"}
{"level":"info","message":"Create todo"}
{"level":"info","message":"Loading Mongoose functionality"}
{"level":"info","message":"Starting application"}
{"level":"info","message":"Create user"}
{"level":"info","message":"Create user"}
{"level":"info","message":"Get all users"}
{"level":"info","message":"Get user %s"}
{"level":"info","message":"Updated user %s"}
{"level":"info","message":"Delete user 5dc8639bed388b50503c032a"}
{"level":"info","message":"Create todo"}
{"level":"info","message":"Loading Mongoose functionality"}
{"level":"info","message":"Starting application"}
{"level":"info","message":"Create user"}
{"level":"info","message":"Create user"}
{"level":"info","message":"Get all users"}
{"level":"info","message":"Get user %s"}
{"level":"info","message":"Updated user %s"}
{"level":"info","message":"Delete user 5dc863ba40b4be4d98953cf1"}
{"level":"info","message":"Create todo"}
{"level":"info","message":"Loading Mongoose functionality"}
{"level":"info","message":"Starting application"}
{"level":"info","message":"Create user"}
{"level":"info","message":"Create user"}
{"level":"info","message":"Get all users"}
{"level":"info","message":"Get user %s"}
{"level":"info","message":"Updated user %s"}
{"level":"info","message":"Delete user 5dc866afe827044b040cb5e6"}
{"level":"info","message":"Create todo"}
{"level":"info","message":"Loading Mongoose functionality"}
{"level":"info","message":"Starting application"}
{"level":"info","message":"Create user"}
{"level":"info","message":"Create user"}
{"level":"info","message":"Get all users"}
{"level":"info","message":"Get user %s"}
{"level":"info","message":"Updated user %s"}
{"level":"info","message":"Delete user 5dc8671310ff0605582bd3ce"}
{"level":"info","message":"Create todo"}
{"level":"info","message":"Loading Mongoose functionality"}
{"level":"info","message":"Starting application"}
{"level":"info","message":"Create user"}
{"level":"info","message":"Create user"}
{"level":"info","message":"Get all users"}
{"level":"info","message":"Get user %s"}
{"level":"info","message":"Updated user %s"}
{"level":"info","message":"Delete user 5dc8673046bfbc378836a5db"}
{"level":"info","message":"Create todo"}
{"level":"info","message":"Loading Mongoose functionality"}
{"level":"info","message":"Starting application"}
{"level":"info","message":"Create user"}
{"level":"info","message":"Create user"}
{"level":"info","message":"Get all users"}
{"level":"info","message":"Get user %s"}
{"level":"info","message":"Updated user %s"}
{"level":"info","message":"Delete user 5dc8674149a36648a848c66b"}
{"level":"info","message":"Create todo"}
{"level":"info","message":"Loading Mongoose functionality"}
{"level":"info","message":"Starting application"}
{"level":"info","message":"Create user"}
{"level":"info","message":"Create user"}
{"level":"info","message":"Get all users"}
{"level":"info","message":"Get user %s"}
{"level":"info","message":"Updated user %s"}
{"level":"info","message":"Delete user 5dc8676e549c870460cc8cc6"}
{"level":"info","message":"Create todo"}
{"level":"info","message":"Loading Mongoose functionality"}
{"level":"info","message":"Starting application"}
{"level":"info","message":"Create user"}
{"level":"info","message":"Create user"}
{"level":"info","message":"Get all users"}
{"level":"info","message":"Get user %s"}
{"level":"info","message":"Updated user %s"}
{"level":"info","message":"Delete user 5dc867b63bbc7e3d18e151c3"}
{"level":"info","message":"Create todo"}
{"level":"info","message":"Loading Mongoose functionality"}
{"level":"info","message":"Starting application"}
{"level":"info","message":"Create user"}
{"level":"info","message":"Create user"}
{"level":"info","message":"Get all users"}
{"level":"info","message":"Get user %s"}
{"level":"info","message":"Updated user %s"}
{"level":"info","message":"Delete user 5dc868be3640bc2cb49e4122"}
{"level":"info","message":"Create todo"}
{"level":"info","message":"Loading Mongoose functionality"}
{"level":"info","message":"Starting application"}
{"level":"info","message":"Mongoose connected to the database"}
{"level":"info","message":"Loading Mongoose functionality"}
{"level":"info","message":"Starting application"}
{"level":"info","message":"Create user"}
{"level":"info","message":"Create user"}
{"level":"info","message":"Get all users"}
{"level":"info","message":"Get user %s"}
{"level":"info","message":"Updated user %s"}
{"level":"info","message":"Delete user 5dc86bb39aff4b3c24882233"}
{"level":"info","message":"Create todo"}
{"level":"info","message":"Loading Mongoose functionality"}
{"level":"info","message":"Starting application"}
{"level":"info","message":"Create user"}
{"level":"info","message":"Create user"}
{"level":"info","message":"Get all users"}
{"level":"info","message":"Get user %s"}
{"level":"info","message":"Updated user %s"}
{"level":"info","message":"Delete user 5dc86bec0d6786110086ba04"}
{"level":"info","message":"Create todo"}
