{"level":"info","message":"Loading Mongoose functionality"}
{"level":"info","message":"Starting application"}
{"level":"info","message":"Request from ::ffff:127.0.0.1"}
{"level":"info","message":"Request from ::ffff:127.0.0.1"}
{"level":"info","message":"Request from ::ffff:127.0.0.1"}
{"level":"info","message":"Create user"}
{"level":"info","message":"Request from ::ffff:127.0.0.1"}
{"level":"info","message":"Create user"}
{"level":"info","message":"Request from ::ffff:127.0.0.1"}
{"level":"info","message":"Get all users"}
{"level":"info","message":"Request from ::ffff:127.0.0.1"}
{"level":"info","message":"Get user %s"}
{"level":"info","message":"Request from ::ffff:127.0.0.1"}
{"level":"info","message":"Updated user %s"}
{"level":"info","message":"Request from ::ffff:127.0.0.1"}
{"level":"info","message":"Delete user 5dc87b3dea83fb49784a66ea"}
{"level":"info","message":"Request from ::ffff:127.0.0.1"}
{"level":"info","message":"Create todo"}
{"level":"info","message":"Loading Mongoose functionality"}
{"level":"info","message":"Starting application"}
{"level":"info","message":"Create user"}
{"level":"info","message":"Create user"}
{"level":"info","message":"Create user"}
{"level":"info","message":"Get all users"}
{"level":"info","message":"Get all users"}
{"level":"info","message":"Get user %s"}
{"level":"info","message":"Get user %s"}
{"level":"info","message":"Updated user %s"}
{"level":"info","message":"Delete user 5dc87ca290f43305a88c296e"}
{"level":"info","message":"Create Todo"}
{"level":"info","message":"Loading Mongoose functionality"}
{"level":"info","message":"Starting application"}
{"level":"info","message":"Create user"}
{"level":"info","message":"Create user"}
{"level":"info","message":"Create user"}
{"level":"info","message":"Get all users"}
{"level":"info","message":"Get all users"}
{"level":"info","message":"Get user %s"}
{"level":"info","message":"Get user %s"}
{"level":"info","message":"Updated user %s"}
{"level":"info","message":"Delete user 5dc87f1021d9ad148814950a"}
{"level":"info","message":"Create Todo"}
{"level":"info","message":"Get all user todos5dc87f1021d9ad1488149501"}
{"level":"info","message":"Loading Mongoose functionality"}
{"level":"info","message":"Starting application"}
{"level":"info","message":"Create user"}
{"level":"info","message":"Create user"}
{"level":"info","message":"Get all users"}
{"level":"info","message":"Get user %s"}
{"level":"info","message":"Updated user %s"}
{"level":"info","message":"Delete user 5dc87f49d3fa7c4decf01c80"}
{"level":"info","message":"Create todo"}
{"level":"info","message":"Loading Mongoose functionality"}
{"level":"info","message":"Starting application"}
{"level":"info","message":"Create user"}
{"level":"info","message":"Create user"}
{"level":"info","message":"Get all users"}
{"level":"info","message":"Get user %s"}
{"level":"info","message":"Updated user %s"}
{"level":"info","message":"Delete user 5dc8827a93b362408072e421"}
{"level":"info","message":"Create todo"}
{"level":"info","message":"Loading Mongoose functionality"}
{"level":"info","message":"Starting application"}
{"level":"info","message":"Create user"}
{"level":"info","message":"Create user"}
{"level":"info","message":"Get all users"}
{"level":"info","message":"Get user %s"}
{"level":"info","message":"Updated user %s"}
{"level":"info","message":"Delete user 5dc882e41194aa4620c8cdf4"}
{"level":"info","message":"Create todo"}
{"level":"info","message":"Loading Mongoose functionality"}
{"level":"info","message":"Starting application"}
{"level":"info","message":"Create user"}
{"level":"info","message":"Create user"}
{"level":"info","message":"Get all users"}
{"level":"info","message":"Get user %s"}
{"level":"info","message":"Updated user %s"}
{"level":"info","message":"Delete user 5dc88364a544c9162c205690"}
{"level":"info","message":"Create todo"}
{"level":"info","message":"Loading Mongoose functionality"}
{"level":"info","message":"Starting application"}
{"level":"info","message":"Create user"}
{"level":"info","message":"Create user"}
{"level":"info","message":"Get all users"}
{"level":"info","message":"Get user %s"}
{"level":"info","message":"Updated user %s"}
{"level":"info","message":"Delete user 5dc883ad002c663328049293"}
{"level":"info","message":"Create todo"}
{"level":"info","message":"Loading Mongoose functionality"}
{"level":"info","message":"Starting application"}
{"level":"info","message":"Create user"}
{"level":"info","message":"Create user"}
{"level":"info","message":"Get all users"}
{"level":"info","message":"Get user %s"}
{"level":"info","message":"Updated user %s"}
{"level":"info","message":"Delete user 5dc883f626487a41b065bc43"}
{"level":"info","message":"Create todo"}
{"level":"info","message":"Loading Mongoose functionality"}
{"level":"info","message":"Starting application"}
{"level":"info","message":"Create user"}
{"level":"info","message":"Create user"}
{"level":"info","message":"Get all users"}
{"level":"info","message":"Get user %s"}
{"level":"info","message":"Updated user %s"}
{"level":"info","message":"Delete user 5dc8847e540ec653a04e998d"}
{"level":"info","message":"Create todo"}
{"level":"info","message":"Loading Mongoose functionality"}
{"level":"info","message":"Starting application"}
{"level":"info","message":"Create user"}
{"level":"info","message":"Create user"}
{"level":"info","message":"Get all users"}
{"level":"info","message":"Get user %s"}
{"level":"info","message":"Updated user %s"}
{"level":"info","message":"Delete user 5dc884fdf3486f4328789d85"}
{"level":"info","message":"Create todo"}
{"level":"info","message":"Loading Mongoose functionality"}
{"level":"info","message":"Starting application"}
{"level":"info","message":"Mongoose connected to the database"}
{"level":"info","message":"Loading Mongoose functionality"}
{"level":"info","message":"Starting application"}
{"level":"info","message":"Create user"}
{"level":"info","message":"Create user"}
{"level":"info","message":"Get all users"}
{"level":"info","message":"Get user %s"}
{"level":"info","message":"Updated user %s"}
{"level":"info","message":"Delete user 5dc885dddfc39f430cf1a33e"}
{"level":"info","message":"Create todo"}
{"level":"info","message":"Loading Mongoose functionality"}
{"level":"info","message":"Starting application"}
{"level":"info","message":"Create user"}
{"level":"info","message":"Create user"}
{"level":"info","message":"Get all users"}
{"level":"info","message":"Get user %s"}
{"level":"info","message":"Updated user %s"}
{"level":"info","message":"Delete user 5dc885f6934840122422848e"}
{"level":"info","message":"Create todo"}
{"level":"info","message":"Loading Mongoose functionality"}
{"level":"info","message":"Starting application"}
{"level":"info","message":"Create user"}
{"level":"info","message":"Create user"}
{"level":"info","message":"Get all users"}
{"level":"info","message":"Get user %s"}
{"level":"info","message":"Updated user %s"}
{"level":"info","message":"Delete user 5dc886219aaf83209827dd43"}
{"level":"info","message":"Create todo"}
{"level":"info","message":"Loading Mongoose functionality"}
{"level":"info","message":"Starting application"}
{"level":"info","message":"Create user"}
{"level":"info","message":"Create user"}
{"level":"info","message":"Get all users"}
{"level":"info","message":"Get user %s"}
{"level":"info","message":"Updated user %s"}
{"level":"info","message":"Delete user 5dc886a96c2e7f2f5c9bdefc"}
{"level":"info","message":"Create todo"}
{"level":"info","message":"Get all a users todos"}
{"level":"info","message":"Loading Mongoose functionality"}
{"level":"info","message":"Starting application"}
{"level":"info","message":"Create user"}
{"level":"info","message":"Create user"}
{"level":"info","message":"Get all users"}
{"level":"info","message":"Get user %s"}
{"level":"info","message":"Updated user %s"}
{"level":"info","message":"Delete user 5dc886d0b9dc193364fe64b6"}
{"level":"info","message":"Create todo"}
{"level":"info","message":"Get all a users todos"}
{"level":"info","message":"Loading Mongoose functionality"}
{"level":"info","message":"Starting application"}
{"level":"info","message":"Create user"}
{"level":"info","message":"Create user"}
{"level":"info","message":"Get all users"}
{"level":"info","message":"Get user %s"}
{"level":"info","message":"Updated user %s"}
{"level":"info","message":"Delete user 5dc888052e6b152f144794bd"}
{"level":"info","message":"Create todo"}
